  Main.cpp
c:\users\kyunghwan chang\documents\github\directxengine\dx11starter\files\graphic\simpleshader.h(105): warning C4267: 'return': conversion from 'size_t' to 'unsigned int', possible loss of data
c:\users\kyunghwan chang\documents\github\directxengine\dx11starter\files\graphic\simpleshader.h(109): warning C4267: 'return': conversion from 'size_t' to 'unsigned int', possible loss of data
  UIMain_imgui.cpp
c:\users\kyunghwan chang\documents\github\directxengine\dx11starter\files\graphic\simpleshader.h(105): warning C4267: 'return': conversion from 'size_t' to 'unsigned int', possible loss of data
c:\users\kyunghwan chang\documents\github\directxengine\dx11starter\files\graphic\simpleshader.h(109): warning C4267: 'return': conversion from 'size_t' to 'unsigned int', possible loss of data
  KContext_imgui.cpp
c:\users\kyunghwan chang\documents\github\directxengine\dx11starter\files\graphic\simpleshader.h(105): warning C4267: 'return': conversion from 'size_t' to 'unsigned int', possible loss of data
c:\users\kyunghwan chang\documents\github\directxengine\dx11starter\files\graphic\simpleshader.h(109): warning C4267: 'return': conversion from 'size_t' to 'unsigned int', possible loss of data
  GraphicMain.cpp
c:\users\kyunghwan chang\documents\github\directxengine\dx11starter\files\graphic\simpleshader.h(105): warning C4267: 'return': conversion from 'size_t' to 'unsigned int', possible loss of data
c:\users\kyunghwan chang\documents\github\directxengine\dx11starter\files\graphic\simpleshader.h(109): warning C4267: 'return': conversion from 'size_t' to 'unsigned int', possible loss of data
c:\users\kyunghwan chang\documents\github\directxengine\dx11starter\files\graphic\cpp\graphicmain.cpp(114): warning C4244: 'argument': conversion from 'float' to 'UINT8', possible loss of data
c:\users\kyunghwan chang\documents\github\directxengine\dx11starter\files\graphic\cpp\graphicmain.cpp(122): warning C4305: 'argument': truncation from 'double' to 'float'
  Asset.cpp
c:\users\kyunghwan chang\documents\github\directxengine\dx11starter\files\graphic\simpleshader.h(105): warning C4267: 'return': conversion from 'size_t' to 'unsigned int', possible loss of data
c:\users\kyunghwan chang\documents\github\directxengine\dx11starter\files\graphic\simpleshader.h(109): warning C4267: 'return': conversion from 'size_t' to 'unsigned int', possible loss of data
  KContext.cpp
c:\users\kyunghwan chang\documents\github\directxengine\dx11starter\files\graphic\simpleshader.h(105): warning C4267: 'return': conversion from 'size_t' to 'unsigned int', possible loss of data
c:\users\kyunghwan chang\documents\github\directxengine\dx11starter\files\graphic\simpleshader.h(109): warning C4267: 'return': conversion from 'size_t' to 'unsigned int', possible loss of data
c:\users\kyunghwan chang\documents\github\directxengine\dx11starter\files\directx\kcontext.cpp(126): warning C4101: 'dir': unreferenced local variable
c:\users\kyunghwan chang\documents\github\directxengine\dx11starter\files\directx\kcontext.cpp(123): warning C4101: 'y': unreferenced local variable
c:\users\kyunghwan chang\documents\github\directxengine\dx11starter\files\directx\kcontext.cpp(123): warning C4101: 'x': unreferenced local variable
c:\users\kyunghwan chang\documents\github\directxengine\dx11starter\files\directx\kcontext.cpp(212): warning C4305: 'initializing': truncation from 'double' to 'float'
  Generating Code...
c:\users\kyunghwan chang\documents\github\directxengine\dx11starter\files\graphic\cpp\asset.cpp(182): warning C4715: 'NGraphic::Asset::init': not all control paths return a value
  DX11Starter.vcxproj -> C:\Users\kyunghwan chang\Documents\GitHub\DirectXEngine\DX11Starter\x64\Debug\DX11Starter.exe
  DX11Starter.vcxproj -> C:\Users\kyunghwan chang\Documents\GitHub\DirectXEngine\DX11Starter\x64\Debug\DX11Starter.pdb (Full PDB)
